Post Processor Report
OrCAD FILE: D:\ORCAD TLS METER\MAIN BOARD.MAX
Wed Mar 12 13:53:06 2014

*********************************************************

Output file: D:\ORCAD TLS METER\MAIN BOARD.TOP

Aperture totals for D:\ORCAD TLS METER\MAIN BOARD.TOP:
---------------------------------------------------------
D10:  0.2000 ROUND  --       0 Draws,       2 Flashes
D11:  0.0520 ROUND  --       0 Draws,       2 Flashes
D12:  0.0520 SQUARE --       0 Draws,       2 Flashes
D13:  0.1000 ROUND  --       0 Draws,      30 Flashes
D14:  0.0750 ROUND  --       0 Draws,      22 Flashes
D15:  0.1250 x 0.0600 OBLONG    -----      15 Flashes
D16:  0.1250 x 0.0600 RECTANGLE -----       5 Flashes
D17:  0.1250 x 0.2000 OBLONG    -----       2 Flashes
D18:  0.2000 x 0.1250 OBLONG    -----       1 Flashes
D19:  0.0620 ROUND  --       0 Draws,      16 Flashes
D20:  0.0620 SQUARE --       0 Draws,       2 Flashes
D21:  0.0550 ROUND  --       0 Draws,       4 Flashes
D22:  0.0550 SQUARE --       0 Draws,       2 Flashes
D23:  0.0750 SQUARE --       0 Draws,       4 Flashes
D24:  0.0580 ROUND  --       0 Draws,      27 Flashes
D25:  0.0580 SQUARE --       0 Draws,       1 Flashes
D26:  0.0700 x 0.2000 OBLONG    -----       2 Flashes
D27:  0.0700 x 0.2000 RECTANGLE -----       1 Flashes
D28:  0.0150 ROUND  --     101 Draws,       0 Flashes
---------------------------------------------------------
 19 D-Codes      -----     101 Draws,     140 Flashes

*********************************************************

Output file: D:\ORCAD TLS METER\MAIN BOARD.BOT

Aperture totals for D:\ORCAD TLS METER\MAIN BOARD.BOT:
---------------------------------------------------------
D10:  0.2000 ROUND  --       0 Draws,       2 Flashes
D11:  0.0520 ROUND  --       0 Draws,       2 Flashes
D12:  0.0520 SQUARE --       0 Draws,       2 Flashes
D13:  0.1000 ROUND  --       0 Draws,      30 Flashes
D14:  0.0750 ROUND  --       0 Draws,      22 Flashes
D15:  0.1250 x 0.0600 OBLONG    -----      15 Flashes
D16:  0.1250 x 0.0600 RECTANGLE -----       5 Flashes
D17:  0.1250 x 0.2000 OBLONG    -----       2 Flashes
D18:  0.2000 x 0.1250 OBLONG    -----       1 Flashes
D19:  0.0620 ROUND  --       0 Draws,      17 Flashes
D20:  0.0620 SQUARE --       0 Draws,       1 Flashes
D21:  0.0550 ROUND  --       0 Draws,       4 Flashes
D22:  0.0550 SQUARE --       0 Draws,       2 Flashes
D23:  0.0750 SQUARE --       0 Draws,       4 Flashes
D24:  0.0580 ROUND  --       0 Draws,      27 Flashes
D25:  0.0580 SQUARE --       0 Draws,       1 Flashes
D26:  0.0700 x 0.2000 OBLONG    -----       2 Flashes
D27:  0.0700 x 0.2000 RECTANGLE -----       1 Flashes
D28:  0.0150 ROUND  --     222 Draws,       0 Flashes
D29:  0.0300 ROUND  --      14 Draws,       0 Flashes
---------------------------------------------------------
 20 D-Codes      -----     236 Draws,     140 Flashes

*********************************************************

Output file: D:\ORCAD TLS METER\MAIN BOARD.SMT

Aperture totals for D:\ORCAD TLS METER\MAIN BOARD.SMT:
---------------------------------------------------------
D11:  0.0520 ROUND  --       0 Draws,       2 Flashes
D12:  0.0520 SQUARE --       0 Draws,       2 Flashes
D19:  0.0620 ROUND  --       0 Draws,      15 Flashes
D20:  0.0620 SQUARE --       0 Draws,       1 Flashes
D21:  0.0550 ROUND  --       0 Draws,       4 Flashes
D22:  0.0550 SQUARE --       0 Draws,       2 Flashes
D24:  0.0580 ROUND  --       0 Draws,      27 Flashes
D25:  0.0580 SQUARE --       0 Draws,       1 Flashes
D30:  0.2100 ROUND  --       0 Draws,       2 Flashes
D31:  0.1100 ROUND  --       0 Draws,      30 Flashes
D32:  0.0850 ROUND  --       0 Draws,      22 Flashes
D33:  0.1350 x 0.0700 OBLONG    -----      15 Flashes
D34:  0.1350 x 0.0700 RECTANGLE -----       5 Flashes
D35:  0.1350 x 0.2100 OBLONG    -----       2 Flashes
D36:  0.2100 x 0.1350 OBLONG    -----       1 Flashes
D37:  0.0850 SQUARE --       0 Draws,       4 Flashes
D38:  0.0800 x 0.2100 OBLONG    -----       2 Flashes
D39:  0.0800 x 0.2100 RECTANGLE -----       1 Flashes
D40:  0.0670 ROUND  --       0 Draws,       1 Flashes
D41:  0.0670 SQUARE --       0 Draws,       1 Flashes
---------------------------------------------------------
 20 D-Codes      -----       0 Draws,     140 Flashes

*********************************************************

Output file: D:\ORCAD TLS METER\MAIN BOARD.SMB

Aperture totals for D:\ORCAD TLS METER\MAIN BOARD.SMB:
---------------------------------------------------------
D11:  0.0520 ROUND  --       0 Draws,       2 Flashes
D12:  0.0520 SQUARE --       0 Draws,       2 Flashes
D19:  0.0620 ROUND  --       0 Draws,      15 Flashes
D20:  0.0620 SQUARE --       0 Draws,       1 Flashes
D21:  0.0550 ROUND  --       0 Draws,       4 Flashes
D22:  0.0550 SQUARE --       0 Draws,       2 Flashes
D24:  0.0580 ROUND  --       0 Draws,      27 Flashes
D25:  0.0580 SQUARE --       0 Draws,       1 Flashes
D30:  0.2100 ROUND  --       0 Draws,       2 Flashes
D31:  0.1100 ROUND  --       0 Draws,      30 Flashes
D32:  0.0850 ROUND  --       0 Draws,      22 Flashes
D33:  0.1350 x 0.0700 OBLONG    -----      15 Flashes
D34:  0.1350 x 0.0700 RECTANGLE -----       5 Flashes
D35:  0.1350 x 0.2100 OBLONG    -----       2 Flashes
D36:  0.2100 x 0.1350 OBLONG    -----       1 Flashes
D37:  0.0850 SQUARE --       0 Draws,       4 Flashes
D38:  0.0800 x 0.2100 OBLONG    -----       2 Flashes
D39:  0.0800 x 0.2100 RECTANGLE -----       1 Flashes
D40:  0.0670 ROUND  --       0 Draws,       2 Flashes
---------------------------------------------------------
 19 D-Codes      -----       0 Draws,     140 Flashes

*********************************************************

Output file: D:\ORCAD TLS METER\MAIN BOARD.SST

Aperture totals for D:\ORCAD TLS METER\MAIN BOARD.SST:
---------------------------------------------------------
D42:  0.0080 ROUND  --     807 Draws,       0 Flashes
D43:  0.0100 ROUND  --     436 Draws,       0 Flashes
D44:  0.0010 ROUND  --      10 Draws,       0 Flashes
D45:  0.0200 ROUND  --     109 Draws,       0 Flashes
---------------------------------------------------------
  4 D-Codes      -----    1362 Draws,       0 Flashes

*********************************************************

Output file: D:\ORCAD TLS METER\MAIN BOARD.DRD

Aperture totals for D:\ORCAD TLS METER\MAIN BOARD.DRD:
---------------------------------------------------------
D42:  0.0080 ROUND  --       5 Draws,       0 Flashes
D43:  0.0100 ROUND  --    1694 Draws,       0 Flashes
---------------------------------------------------------
  2 D-Codes      -----    1699 Draws,       0 Flashes

*********************************************************

Output file: D:\ORCAD TLS METER\MAIN BOARD.FAB

Aperture totals for D:\ORCAD TLS METER\MAIN BOARD.FAB:
---------------------------------------------------------
D42:  0.0080 ROUND  --       5 Draws,       0 Flashes
---------------------------------------------------------
  1 D-Codes      -----       5 Draws,       0 Flashes


*********************************************************

Aperture totals for entire project:
---------------------------------------------------------
D10:  0.2000 ROUND  --       0 Draws,       4 Flashes
D11:  0.0520 ROUND  --       0 Draws,       8 Flashes
D12:  0.0520 SQUARE --       0 Draws,       8 Flashes
D13:  0.1000 ROUND  --       0 Draws,      60 Flashes
D14:  0.0750 ROUND  --       0 Draws,      44 Flashes
D15:  0.1250 x 0.0600 OBLONG    -----      30 Flashes
D16:  0.1250 x 0.0600 RECTANGLE -----      10 Flashes
D17:  0.1250 x 0.2000 OBLONG    -----       4 Flashes
D18:  0.2000 x 0.1250 OBLONG    -----       2 Flashes
D19:  0.0620 ROUND  --       0 Draws,      63 Flashes
D20:  0.0620 SQUARE --       0 Draws,       5 Flashes
D21:  0.0550 ROUND  --       0 Draws,      16 Flashes
D22:  0.0550 SQUARE --       0 Draws,       8 Flashes
D23:  0.0750 SQUARE --       0 Draws,       8 Flashes
D24:  0.0580 ROUND  --       0 Draws,     108 Flashes
D25:  0.0580 SQUARE --       0 Draws,       4 Flashes
D26:  0.0700 x 0.2000 OBLONG    -----       4 Flashes
D27:  0.0700 x 0.2000 RECTANGLE -----       2 Flashes
D28:  0.0150 ROUND  --     323 Draws,       0 Flashes
D29:  0.0300 ROUND  --      14 Draws,       0 Flashes
D30:  0.2100 ROUND  --       0 Draws,       4 Flashes
D31:  0.1100 ROUND  --       0 Draws,      60 Flashes
D32:  0.0850 ROUND  --       0 Draws,      44 Flashes
D33:  0.1350 x 0.0700 OBLONG    -----      30 Flashes
D34:  0.1350 x 0.0700 RECTANGLE -----      10 Flashes
D35:  0.1350 x 0.2100 OBLONG    -----       4 Flashes
D36:  0.2100 x 0.1350 OBLONG    -----       2 Flashes
D37:  0.0850 SQUARE --       0 Draws,       8 Flashes
D38:  0.0800 x 0.2100 OBLONG    -----       4 Flashes
D39:  0.0800 x 0.2100 RECTANGLE -----       2 Flashes
D40:  0.0670 ROUND  --       0 Draws,       3 Flashes
D41:  0.0670 SQUARE --       0 Draws,       1 Flashes
D42:  0.0080 ROUND  --     817 Draws,       0 Flashes
D43:  0.0100 ROUND  --    2130 Draws,       0 Flashes
D44:  0.0010 ROUND  --      10 Draws,       0 Flashes
D45:  0.0200 ROUND  --     109 Draws,       0 Flashes
---------------------------------------------------------
 36 D-Codes      -----    3403 Draws,     560 Flashes


No warnings or errors.
